  Menu.cpp
  sfml_app.cpp
C:\Users\aaboz\Desktop\MENU3\sfml_app.cpp(10,50): warning C4244: 'argument': conversion from 'T' to 'float', possible loss of data
          with
          [
              T=unsigned int
          ]
C:\Users\aaboz\Desktop\MENU3\sfml_app.cpp(10,30): warning C4244: 'argument': conversion from 'T' to 'float', possible loss of data
          with
          [
              T=unsigned int
          ]
  Generating Code...
Menu.obj : error LNK2019: unresolved external symbol "public: __thiscall sf::String::String(char const *,class std::locale const &)" (??0String@sf@@QAE@PBDABVlocale@std@@@Z) referenced in function "public: __thiscall Menu::Menu(float,float)" (??0Menu@@QAE@MM@Z)
sfml_app.obj : error LNK2001: unresolved external symbol "public: __thiscall sf::String::String(char const *,class std::locale const &)" (??0String@sf@@QAE@PBDABVlocale@std@@@Z)
Menu.obj : error LNK2019: unresolved external symbol "public: virtual __thiscall sf::Transformable::~Transformable(void)" (??1Transformable@sf@@UAE@XZ) referenced in function "public: virtual __thiscall sf::Text::~Text(void)" (??1Text@sf@@UAE@XZ)
sfml_app.obj : error LNK2001: unresolved external symbol "public: virtual __thiscall sf::Transformable::~Transformable(void)" (??1Transformable@sf@@UAE@XZ)
Menu.obj : error LNK2019: unresolved external symbol "public: void __thiscall sf::Transformable::setPosition(class sf::Vector2<float> const &)" (?setPosition@Transformable@sf@@QAEXABV?$Vector2@M@2@@Z) referenced in function "public: __thiscall Menu::Menu(float,float)" (??0Menu@@QAE@MM@Z)
Menu.obj : error LNK2019: unresolved external symbol "public: void __thiscall sf::Transformable::setOrigin(float,float)" (?setOrigin@Transformable@sf@@QAEXMM@Z) referenced in function "public: __thiscall Menu::Menu(float,float)" (??0Menu@@QAE@MM@Z)
Menu.obj : error LNK2019: unresolved external symbol "public: __thiscall sf::Font::Font(void)" (??0Font@sf@@QAE@XZ) referenced in function "public: __thiscall Menu::Menu(float,float)" (??0Menu@@QAE@MM@Z)
Menu.obj : error LNK2019: unresolved external symbol "public: __thiscall sf::Font::~Font(void)" (??1Font@sf@@QAE@XZ) referenced in function __unwindfunclet$??0Menu@@QAE@MM@Z$0
Menu.obj : error LNK2019: unresolved external symbol "public: bool __thiscall sf::Font::loadFromFile(class std::basic_string<char,struct std::char_traits<char>,class std::allocator<char> > const &)" (?loadFromFile@Font@sf@@QAE_NABV?$basic_string@DU?$char_traits@D@std@@V?$allocator@D@2@@std@@@Z) referenced in function "public: __thiscall Menu::Menu(float,float)" (??0Menu@@QAE@MM@Z)
Menu.obj : error LNK2019: unresolved external symbol "public: void __thiscall sf::RenderTarget::draw(class sf::Drawable const &,class sf::RenderStates const &)" (?draw@RenderTarget@sf@@QAEXABVDrawable@2@ABVRenderStates@2@@Z) referenced in function "public: void __thiscall Menu::draw(class sf::RenderWindow &)" (?draw@Menu@@QAEXAAVRenderWindow@sf@@@Z)
sfml_app.obj : error LNK2001: unresolved external symbol "public: void __thiscall sf::RenderTarget::draw(class sf::Drawable const &,class sf::RenderStates const &)" (?draw@RenderTarget@sf@@QAEXABVDrawable@2@ABVRenderStates@2@@Z)
Menu.obj : error LNK2019: unresolved external symbol "public: __thiscall sf::Text::Text(void)" (??0Text@sf@@QAE@XZ) referenced in function "public: __thiscall Menu::Menu(float,float)" (??0Menu@@QAE@MM@Z)
Menu.obj : error LNK2019: unresolved external symbol "public: void __thiscall sf::Text::setString(class sf::String const &)" (?setString@Text@sf@@QAEXABVString@2@@Z) referenced in function "public: __thiscall Menu::Menu(float,float)" (??0Menu@@QAE@MM@Z)
Menu.obj : error LNK2019: unresolved external symbol "public: void __thiscall sf::Text::setFont(class sf::Font const &)" (?setFont@Text@sf@@QAEXABVFont@2@@Z) referenced in function "public: __thiscall Menu::Menu(float,float)" (??0Menu@@QAE@MM@Z)
Menu.obj : error LNK2019: unresolved external symbol "public: void __thiscall sf::Text::setFillColor(class sf::Color const &)" (?setFillColor@Text@sf@@QAEXABVColor@2@@Z) referenced in function "public: __thiscall Menu::Menu(float,float)" (??0Menu@@QAE@MM@Z)
Menu.obj : error LNK2019: unresolved external symbol "public: class sf::Rect<float> __thiscall sf::Text::getLocalBounds(void)const " (?getLocalBounds@Text@sf@@QBE?AV?$Rect@M@2@XZ) referenced in function "public: __thiscall Menu::Menu(float,float)" (??0Menu@@QAE@MM@Z)
Menu.obj : error LNK2001: unresolved external symbol "public: static class sf::RenderStates const sf::RenderStates::Default" (?Default@RenderStates@sf@@2V12@B)
sfml_app.obj : error LNK2001: unresolved external symbol "public: static class sf::RenderStates const sf::RenderStates::Default" (?Default@RenderStates@sf@@2V12@B)
Menu.obj : error LNK2001: unresolved external symbol "public: static class sf::Color const sf::Color::Black" (?Black@Color@sf@@2V12@B)
Menu.obj : error LNK2001: unresolved external symbol "public: static class sf::Color const sf::Color::Red" (?Red@Color@sf@@2V12@B)
sfml_app.obj : error LNK2019: unresolved external symbol "public: __thiscall sf::VideoMode::VideoMode(unsigned int,unsigned int,unsigned int)" (??0VideoMode@sf@@QAE@III@Z) referenced in function _main
sfml_app.obj : error LNK2019: unresolved external symbol "public: void __thiscall sf::Window::close(void)" (?close@Window@sf@@QAEXXZ) referenced in function _main
sfml_app.obj : error LNK2019: unresolved external symbol "public: bool __thiscall sf::Window::isOpen(void)const " (?isOpen@Window@sf@@QBE_NXZ) referenced in function _main
sfml_app.obj : error LNK2019: unresolved external symbol "public: bool __thiscall sf::Window::pollEvent(class sf::Event &)" (?pollEvent@Window@sf@@QAE_NAAVEvent@2@@Z) referenced in function _main
sfml_app.obj : error LNK2019: unresolved external symbol "public: void __thiscall sf::Window::display(void)" (?display@Window@sf@@QAEXXZ) referenced in function _main
sfml_app.obj : error LNK2019: unresolved external symbol "public: void __thiscall sf::Transformable::setPosition(float,float)" (?setPosition@Transformable@sf@@QAEXMM@Z) referenced in function _main
sfml_app.obj : error LNK2019: unresolved external symbol "public: __thiscall sf::Color::Color(unsigned char,unsigned char,unsigned char,unsigned char)" (??0Color@sf@@QAE@EEEE@Z) referenced in function _main
sfml_app.obj : error LNK2019: unresolved external symbol "public: __thiscall sf::Texture::Texture(void)" (??0Texture@sf@@QAE@XZ) referenced in function _main
sfml_app.obj : error LNK2019: unresolved external symbol "public: __thiscall sf::Texture::~Texture(void)" (??1Texture@sf@@QAE@XZ) referenced in function _main
sfml_app.obj : error LNK2019: unresolved external symbol "public: bool __thiscall sf::Texture::loadFromFile(class std::basic_string<char,struct std::char_traits<char>,class std::allocator<char> > const &,class sf::Rect<int> const &)" (?loadFromFile@Texture@sf@@QAE_NABV?$basic_string@DU?$char_traits@D@std@@V?$allocator@D@2@@std@@ABV?$Rect@H@2@@Z) referenced in function _main
sfml_app.obj : error LNK2019: unresolved external symbol "public: void __thiscall sf::RenderTarget::clear(class sf::Color const &)" (?clear@RenderTarget@sf@@QAEXABVColor@2@@Z) referenced in function _main
sfml_app.obj : error LNK2019: unresolved external symbol "public: __thiscall sf::RenderWindow::RenderWindow(class sf::VideoMode,class sf::String const &,unsigned int,struct sf::ContextSettings const &)" (??0RenderWindow@sf@@QAE@VVideoMode@1@ABVString@1@IABUContextSettings@1@@Z) referenced in function _main
sfml_app.obj : error LNK2019: unresolved external symbol "public: virtual __thiscall sf::RenderWindow::~RenderWindow(void)" (??1RenderWindow@sf@@UAE@XZ) referenced in function _main
sfml_app.obj : error LNK2019: unresolved external symbol "public: virtual class sf::Vector2<unsigned int> __thiscall sf::RenderWindow::getSize(void)const " (?getSize@RenderWindow@sf@@UBE?AV?$Vector2@I@2@XZ) referenced in function _main
sfml_app.obj : error LNK2019: unresolved external symbol "public: __thiscall sf::Sprite::Sprite(void)" (??0Sprite@sf@@QAE@XZ) referenced in function _main
sfml_app.obj : error LNK2019: unresolved external symbol "public: void __thiscall sf::Sprite::setTexture(class sf::Texture const &,bool)" (?setTexture@Sprite@sf@@QAEXABVTexture@2@_N@Z) referenced in function _main
sfml_app.obj : error LNK2001: unresolved external symbol "public: static class sf::Color const sf::Color::White" (?White@Color@sf@@2V12@B)
C:\Users\aaboz\Desktop\C++Libreries\SFML-2.5.1\lib\sfml-main-d.lib : warning LNK4272: library machine type 'x64' conflicts with target machine type 'x86'
C:\Users\aaboz\Desktop\C++Libreries\SFML-2.5.1\lib\sfml-audio-s-d.lib : warning LNK4272: library machine type 'x64' conflicts with target machine type 'x86'
C:\Users\aaboz\Desktop\C++Libreries\SFML-2.5.1\lib\sfml-graphics-s-d.lib : warning LNK4272: library machine type 'x64' conflicts with target machine type 'x86'
C:\Users\aaboz\Desktop\C++Libreries\SFML-2.5.1\lib\sfml-network-s-d.lib : warning LNK4272: library machine type 'x64' conflicts with target machine type 'x86'
C:\Users\aaboz\Desktop\C++Libreries\SFML-2.5.1\lib\sfml-system-s-d.lib : warning LNK4272: library machine type 'x64' conflicts with target machine type 'x86'
C:\Users\aaboz\Desktop\C++Libreries\SFML-2.5.1\lib\sfml-window-s-d.lib : warning LNK4272: library machine type 'x64' conflicts with target machine type 'x86'
C:\Users\aaboz\Desktop\C++Libreries\SFML-2.5.1\lib\flac.lib : warning LNK4272: library machine type 'x64' conflicts with target machine type 'x86'
C:\Users\aaboz\Desktop\C++Libreries\SFML-2.5.1\lib\freetype.lib : warning LNK4272: library machine type 'x64' conflicts with target machine type 'x86'
C:\Users\aaboz\Desktop\C++Libreries\SFML-2.5.1\lib\ogg.lib : warning LNK4272: library machine type 'x64' conflicts with target machine type 'x86'
C:\Users\aaboz\Desktop\C++Libreries\SFML-2.5.1\lib\openal32.lib : warning LNK4272: library machine type 'x64' conflicts with target machine type 'x86'
C:\Users\aaboz\Desktop\C++Libreries\SFML-2.5.1\lib\vorbis.lib : warning LNK4272: library machine type 'x64' conflicts with target machine type 'x86'
C:\Users\aaboz\Desktop\C++Libreries\SFML-2.5.1\lib\vorbisenc.lib : warning LNK4272: library machine type 'x64' conflicts with target machine type 'x86'
C:\Users\aaboz\Desktop\C++Libreries\SFML-2.5.1\lib\vorbisfile.lib : warning LNK4272: library machine type 'x64' conflicts with target machine type 'x86'
C:\Users\aaboz\Desktop\MENU3\Debug\MENU3.exe : fatal error LNK1120: 33 unresolved externals
